<?xml version="1.0" encoding="UTF-8"?>
<testng-results ignored="0" total="1" passed="1" failed="0" skipped="0">
  <reporter-output>
  </reporter-output>
  <suite started-at="2024-12-01T17:22:48 IST" name="Automation Suite" finished-at="2024-12-01T17:23:12 IST" duration-ms="24245">
    <groups>
    </groups>
    <test started-at="2024-12-01T17:22:48 IST" name="CreateLeadTest_Playwright_Firefox" finished-at="2024-12-01T17:23:12 IST" duration-ms="24245">
      <class name="testcases.TC001_CreateLead">
        <test-method is-config="true" signature="setData()[pri:0, instance:testcases.TC001_CreateLead@6fdbe764]" started-at="2024-12-01T17:22:48 IST" name="setData" finished-at="2024-12-01T17:22:48 IST" duration-ms="15" status="PASS">
          <reporter-output>
          </reporter-output>
        </test-method> <!-- setData -->
        <test-method is-config="true" signature="preCondition(java.lang.String,java.lang.String)[pri:0, instance:testcases.TC001_CreateLead@6fdbe764]" started-at="2024-12-01T17:22:49 IST" name="preCondition" finished-at="2024-12-01T17:23:01 IST" duration-ms="11808" status="PASS">
          <params>
            <param index="0">
              <value>
                <![CDATA[PLAYWRIGHT]]>
              </value>
            </param>
            <param index="1">
              <value>
                <![CDATA[FIREFOX]]>
              </value>
            </param>
          </params>
          <reporter-output>
          </reporter-output>
        </test-method> <!-- preCondition -->
        <test-method is-config="true" signature="setup()[pri:0, instance:testcases.TC001_CreateLead@6fdbe764]" started-at="2024-12-01T17:23:01 IST" name="setup" finished-at="2024-12-01T17:23:07 IST" duration-ms="6165" status="PASS">
          <reporter-output>
          </reporter-output>
        </test-method> <!-- setup -->
        <test-method signature="runCreateLead(java.lang.String,java.lang.String,java.lang.String,java.lang.String)[pri:0, instance:testcases.TC001_CreateLead@6fdbe764]" started-at="2024-12-01T17:23:07 IST" name="runCreateLead" data-provider="fetchData" finished-at="2024-12-01T17:23:11 IST" duration-ms="3989" status="PASS">
          <params>
            <param index="0">
              <value>
                <![CDATA[Qeagle]]>
              </value>
            </param>
            <param index="1">
              <value>
                <![CDATA[Hari]]>
              </value>
            </param>
            <param index="2">
              <value>
                <![CDATA[R]]>
              </value>
            </param>
            <param index="3">
              <value>
                <![CDATA[99]]>
              </value>
            </param>
          </params>
          <reporter-output>
          </reporter-output>
        </test-method> <!-- runCreateLead -->
        <test-method is-config="true" signature="tearDown()[pri:0, instance:testcases.TC001_CreateLead@6fdbe764]" started-at="2024-12-01T17:23:11 IST" name="tearDown" finished-at="2024-12-01T17:23:11 IST" duration-ms="6" status="PASS">
          <reporter-output>
          </reporter-output>
        </test-method> <!-- tearDown -->
        <test-method is-config="true" signature="postCondition()[pri:0, instance:testcases.TC001_CreateLead@6fdbe764]" started-at="2024-12-01T17:23:11 IST" name="postCondition" finished-at="2024-12-01T17:23:12 IST" duration-ms="685" status="PASS">
          <reporter-output>
          </reporter-output>
        </test-method> <!-- postCondition -->
      </class> <!-- testcases.TC001_CreateLead -->
    </test> <!-- CreateLeadTest_Playwright_Firefox -->
  </suite> <!-- Automation Suite -->
</testng-results>
